0 info it worked if it ends with ok
1 verbose cli [ 'C:\\Program Files\\nodejs\\node.exe',
1 verbose cli   'C:\\Program Files\\nodejs\\node_modules\\npm\\bin\\npm-cli.js',
1 verbose cli   'install',
1 verbose cli   'eslint' ]
2 info using npm@3.10.10
3 info using node@v6.11.4
4 verbose config Skipping project config: C:\Users\Renal/.npmrc. (matches userconfig)
5 silly loadCurrentTree Starting
6 silly install loadCurrentTree
7 silly install readLocalPackageData
8 silly fetchPackageMetaData eslint
9 silly fetchNamedPackageData eslint
10 silly mapToRegistry name eslint
11 silly mapToRegistry using default registry
12 silly mapToRegistry registry https://registry.npmjs.org/
13 silly mapToRegistry data Result {
13 silly mapToRegistry   raw: 'eslint',
13 silly mapToRegistry   scope: null,
13 silly mapToRegistry   escapedName: 'eslint',
13 silly mapToRegistry   name: 'eslint',
13 silly mapToRegistry   rawSpec: '',
13 silly mapToRegistry   spec: 'latest',
13 silly mapToRegistry   type: 'tag' }
14 silly mapToRegistry uri https://registry.npmjs.org/eslint
15 verbose request uri https://registry.npmjs.org/eslint
16 verbose request no auth needed
17 info attempt registry request try #1 at 12:24:45
18 verbose request id d3d97038d4fa56a0
19 http request GET https://registry.npmjs.org/eslint
20 http 200 https://registry.npmjs.org/eslint
21 verbose headers { 'content-type': 'application/json; charset=UTF-8',
21 verbose headers   server: 'UploadServer',
21 verbose headers   'cache-control': 'max-age=300',
21 verbose headers   'last-modified': 'Fri, 2 Mar 2018 20:20:53 GMT',
21 verbose headers   etag: '"5a99b225-8b7c4"',
21 verbose headers   'x-npm-region': 'Asia',
21 verbose headers   'content-encoding': 'gzip',
21 verbose headers   'content-length': '34824',
21 verbose headers   'accept-ranges': 'bytes',
21 verbose headers   date: 'Tue, 06 Mar 2018 05:24:43 GMT',
21 verbose headers   via: '1.1 varnish',
21 verbose headers   age: '2348',
21 verbose headers   connection: 'keep-alive',
21 verbose headers   'x-served-by': 'cache-sin18021-SIN',
21 verbose headers   'x-cache': 'HIT',
21 verbose headers   'x-cache-hits': '8',
21 verbose headers   'x-timer': 'S1520313884.822965,VS0,VE0',
21 verbose headers   vary: 'Accept-Encoding, Accept' }
22 silly get cb [ 200,
22 silly get   { 'content-type': 'application/json; charset=UTF-8',
22 silly get     server: 'UploadServer',
22 silly get     'cache-control': 'max-age=300',
22 silly get     'last-modified': 'Fri, 2 Mar 2018 20:20:53 GMT',
22 silly get     etag: '"5a99b225-8b7c4"',
22 silly get     'x-npm-region': 'Asia',
22 silly get     'content-encoding': 'gzip',
22 silly get     'content-length': '34824',
22 silly get     'accept-ranges': 'bytes',
22 silly get     date: 'Tue, 06 Mar 2018 05:24:43 GMT',
22 silly get     via: '1.1 varnish',
22 silly get     age: '2348',
22 silly get     connection: 'keep-alive',
22 silly get     'x-served-by': 'cache-sin18021-SIN',
22 silly get     'x-cache': 'HIT',
22 silly get     'x-cache-hits': '8',
22 silly get     'x-timer': 'S1520313884.822965,VS0,VE0',
22 silly get     vary: 'Accept-Encoding, Accept' } ]
23 verbose get saving eslint to C:\Users\Renal\AppData\Roaming\npm-cache\registry.npmjs.org\eslint\.cache.json
24 verbose correctMkdir C:\Users\Renal\AppData\Roaming\npm-cache correctMkdir not in flight; initializing
25 silly install normalizeTree
26 silly loadCurrentTree Finishing
27 silly loadIdealTree Starting
28 silly install loadIdealTree
29 silly cloneCurrentTree Starting
30 silly install cloneCurrentTreeToIdealTree
31 silly cloneCurrentTree Finishing
32 silly loadShrinkwrap Starting
33 silly install loadShrinkwrap
34 silly loadShrinkwrap Finishing
35 silly loadAllDepsIntoIdealTree Starting
36 silly install loadAllDepsIntoIdealTree
37 silly resolveWithNewModule eslint@4.18.2 checking installable status
38 silly cache add args [ 'eslint', null ]
39 verbose cache add spec eslint
40 silly cache add parsed spec Result {
40 silly cache add   raw: 'eslint',
40 silly cache add   scope: null,
40 silly cache add   escapedName: 'eslint',
40 silly cache add   name: 'eslint',
40 silly cache add   rawSpec: '',
40 silly cache add   spec: 'latest',
40 silly cache add   type: 'tag' }
41 silly addNamed eslint@latest
42 verbose addNamed "latest" is being treated as a dist-tag for eslint
43 info addNameTag [ 'eslint', 'latest' ]
44 silly mapToRegistry name eslint
45 silly mapToRegistry using default registry
46 silly mapToRegistry registry https://registry.npmjs.org/
47 silly mapToRegistry data Result {
47 silly mapToRegistry   raw: 'eslint',
47 silly mapToRegistry   scope: null,
47 silly mapToRegistry   escapedName: 'eslint',
47 silly mapToRegistry   name: 'eslint',
47 silly mapToRegistry   rawSpec: '',
47 silly mapToRegistry   spec: 'latest',
47 silly mapToRegistry   type: 'tag' }
48 silly mapToRegistry uri https://registry.npmjs.org/eslint
49 verbose addNameTag registry:https://registry.npmjs.org/eslint not in flight; fetching
50 verbose get https://registry.npmjs.org/eslint not expired, no request
51 silly addNameTag next cb for eslint with tag latest
52 silly addNamed eslint@4.18.2
53 verbose addNamed "4.18.2" is a plain semver version for eslint
54 silly mapToRegistry name eslint
55 silly mapToRegistry using default registry
56 silly mapToRegistry registry https://registry.npmjs.org/
57 silly mapToRegistry data Result {
57 silly mapToRegistry   raw: 'eslint',
57 silly mapToRegistry   scope: null,
57 silly mapToRegistry   escapedName: 'eslint',
57 silly mapToRegistry   name: 'eslint',
57 silly mapToRegistry   rawSpec: '',
57 silly mapToRegistry   spec: 'latest',
57 silly mapToRegistry   type: 'tag' }
58 silly mapToRegistry uri https://registry.npmjs.org/eslint
59 verbose addRemoteTarball https://registry.npmjs.org/eslint/-/eslint-4.18.2.tgz not in flight; adding
60 verbose addRemoteTarball [ 'https://registry.npmjs.org/eslint/-/eslint-4.18.2.tgz',
60 verbose addRemoteTarball   '0f81267ad1012e7d2051e186a9004cc2267b8d45' ]
61 info retry fetch attempt 1 at 12:24:46
62 info attempt registry request try #1 at 12:24:46
63 http fetch GET https://registry.npmjs.org/eslint/-/eslint-4.18.2.tgz
64 http fetch 200 https://registry.npmjs.org/eslint/-/eslint-4.18.2.tgz
65 warn retry will retry, error on last attempt: Error: EBUSY: resource busy or locked, rename 'C:\Users\Renal\AppData\Local\Temp\npm-9900-cf06715f\registry.npmjs.org\eslint\-\eslint-4.18.2.tgz.120576848' -> 'C:\Users\Renal\AppData\Local\Temp\npm-9900-cf06715f\registry.npmjs.org\eslint\-\eslint-4.18.2.tgz'
66 verbose stack TypeError: tarball.destroy is not a function
66 verbose stack     at WriteStreamAtomic.<anonymous> (C:\Program Files\nodejs\node_modules\npm\lib\cache\add-remote-tarball.js:97:15)
66 verbose stack     at emitOne (events.js:101:20)
66 verbose stack     at WriteStreamAtomic.emit (events.js:188:7)
66 verbose stack     at WriteStreamAtomic.emit (C:\Program Files\nodejs\node_modules\npm\node_modules\fs-write-stream-atomic\index.js:60:34)
66 verbose stack     at C:\Program Files\nodejs\node_modules\npm\node_modules\fs-write-stream-atomic\index.js:89:19
66 verbose stack     at FSReqWrap.oncomplete (fs.js:123:15)
67 verbose cwd C:\Users\Renal\Desktop\Hacktiv8\Fase 0\Week 3\h8-p0-w3
68 error Windows_NT 10.0.15063
69 error argv "C:\\Program Files\\nodejs\\node.exe" "C:\\Program Files\\nodejs\\node_modules\\npm\\bin\\npm-cli.js" "install" "eslint"
70 error node v6.11.4
71 error npm  v3.10.10
72 error tarball.destroy is not a function
73 error If you need help, you may report this error at:
73 error     <https://github.com/npm/npm/issues>
74 verbose exit [ 1, true ]
